<?xml version="1.0" encoding="UTF-8"?>
<!-- Generated by org.testng.reporters.JUnitXMLReporter -->
<testsuite ignored="0" hostname="LAPTOP-1S7KVVBR" failures="0" tests="3" name="Login Tests" time="14.621" errors="0" timestamp="2025-03-05T12:03:00 IST">
  <testcase classname="tests.LoginTests" name="testValidLogin" time="0.947"/>
  <testcase classname="tests.LoginTests" name="testEmptyFields" time="0.257"/>
  <testcase classname="tests.LoginTests" name="testIncorrectPassword" time="0.294"/>
</testsuite> <!-- Login Tests -->
